# JRE version: Java(TM) SE Runtime Environment (8.0_111-b14) (build 1.8.0_111-b14)
# Java VM: Java HotSpot(TM) 64-Bit Server VM (25.111-b14 mixed mode linux-amd64 compressed oops)
Heap:
 PSYoungGen      total 103936K, used 14274K [0x00000000d9100000, 0x00000000e1200000, 0x0000000100000000)
  eden space 99328K, 9% used [0x00000000d9100000,0x00000000d9a71780,0x00000000df200000)
  from space 4608K, 99% used [0x00000000e0d80000,0x00000000e11ff3a0,0x00000000e1200000)
  to   space 4608K, 0% used [0x00000000e0900000,0x00000000e0900000,0x00000000e0d80000)
 ParOldGen       total 72192K, used 18698K [0x000000008b200000, 0x000000008f880000, 0x00000000d9100000)
  object space 72192K, 25% used [0x000000008b200000,0x000000008c4429e8,0x000000008f880000)
 Metaspace       used 30679K, capacity 31194K, committed 31360K, reserved 1077248K
  class space    used 3958K, capacity 4107K, committed 4224K, reserved 1048576K
GC Heap History (10 events):
Event: 3,343 GC heap before
{Heap before GC invocations=1 (full 0):
 PSYoungGen      total 35328K, used 30720K [0x00000000d9100000, 0x00000000db800000, 0x0000000100000000)
  eden space 30720K, 100% used [0x00000000d9100000,0x00000000daf00000,0x00000000daf00000)
  from space 4608K, 0% used [0x00000000db380000,0x00000000db380000,0x00000000db800000)
  to   space 4608K, 0% used [0x00000000daf00000,0x00000000daf00000,0x00000000db380000)
 ParOldGen       total 80896K, used 0K [0x000000008b200000, 0x0000000090100000, 0x00000000d9100000)
  object space 80896K, 0% used [0x000000008b200000,0x000000008b200000,0x0000000090100000)
 Metaspace       used 16305K, capacity 16548K, committed 16640K, reserved 1064960K
  class space    used 1892K, capacity 2010K, committed 2048K, reserved 1048576K
Event: 3,417 GC heap after
Heap after GC invocations=1 (full 0):
 PSYoungGen      total 35328K, used 4590K [0x00000000d9100000, 0x00000000dd600000, 0x0000000100000000)
  eden space 30720K, 0% used [0x00000000d9100000,0x00000000d9100000,0x00000000daf00000)
  from space 4608K, 99% used [0x00000000daf00000,0x00000000db37b950,0x00000000db380000)
  to   space 4608K, 0% used [0x00000000dd180000,0x00000000dd180000,0x00000000dd600000)
 ParOldGen       total 80896K, used 9359K [0x000000008b200000, 0x0000000090100000, 0x00000000d9100000)
  object space 80896K, 11% used [0x000000008b200000,0x000000008bb23c90,0x0000000090100000)
 Metaspace       used 16305K, capacity 16548K, committed 16640K, reserved 1064960K
  class space    used 1892K, capacity 2010K, committed 2048K, reserved 1048576K
}
Event: 5,445 GC heap before
{Heap before GC invocations=2 (full 0):
 PSYoungGen      total 35328K, used 35310K [0x00000000d9100000, 0x00000000dd600000, 0x0000000100000000)
  eden space 30720K, 100% used [0x00000000d9100000,0x00000000daf00000,0x00000000daf00000)
  from space 4608K, 99% used [0x00000000daf00000,0x00000000db37b950,0x00000000db380000)
  to   space 4608K, 0% used [0x00000000dd180000,0x00000000dd180000,0x00000000dd600000)
 ParOldGen       total 80896K, used 9359K [0x000000008b200000, 0x0000000090100000, 0x00000000d9100000)
  object space 80896K, 11% used [0x000000008b200000,0x000000008bb23c90,0x0000000090100000)
 Metaspace       used 17898K, capacity 18196K, committed 18432K, reserved 1064960K
  class space    used 2071K, capacity 2178K, committed 2304K, reserved 1048576K
Event: 5,474 GC heap after
Heap after GC invocations=2 (full 0):
 PSYoungGen      total 66048K, used 4601K [0x00000000d9100000, 0x00000000dd600000, 0x0000000100000000)
  eden space 61440K, 0% used [0x00000000d9100000,0x00000000d9100000,0x00000000dcd00000)
  from space 4608K, 99% used [0x00000000dd180000,0x00000000dd5fe4a0,0x00000000dd600000)
  to   space 4608K, 0% used [0x00000000dcd00000,0x00000000dcd00000,0x00000000dd180000)
 ParOldGen       total 80896K, used 13660K [0x000000008b200000, 0x0000000090100000, 0x00000000d9100000)
  object space 80896K, 16% used [0x000000008b200000,0x000000008bf57358,0x0000000090100000)
 Metaspace       used 17898K, capacity 18196K, committed 18432K, reserved 1064960K
  class space    used 2071K, capacity 2178K, committed 2304K, reserved 1048576K
}
Event: 6,044 GC heap before
{Heap before GC invocations=3 (full 0):
 PSYoungGen      total 66048K, used 54880K [0x00000000d9100000, 0x00000000dd600000, 0x0000000100000000)
  eden space 61440K, 81% used [0x00000000d9100000,0x00000000dc219e28,0x00000000dcd00000)
  from space 4608K, 99% used [0x00000000dd180000,0x00000000dd5fe4a0,0x00000000dd600000)
  to   space 4608K, 0% used [0x00000000dcd00000,0x00000000dcd00000,0x00000000dd180000)
 ParOldGen       total 80896K, used 13660K [0x000000008b200000, 0x0000000090100000, 0x00000000d9100000)
  object space 80896K, 16% used [0x000000008b200000,0x000000008bf57358,0x0000000090100000)
 Metaspace       used 20831K, capacity 21088K, committed 21296K, reserved 1069056K
  class space    used 2445K, capacity 2564K, committed 2688K, reserved 1048576K
Event: 6,081 GC heap after
Heap after GC invocations=3 (full 0):
 PSYoungGen      total 66048K, used 4578K [0x00000000d9100000, 0x00000000e1200000, 0x0000000100000000)
  eden space 61440K, 0% used [0x00000000d9100000,0x00000000d9100000,0x00000000dcd00000)
  from space 4608K, 99% used [0x00000000dcd00000,0x00000000dd178a80,0x00000000dd180000)
  to   space 4608K, 0% used [0x00000000e0d80000,0x00000000e0d80000,0x00000000e1200000)
 ParOldGen       total 80896K, used 24441K [0x000000008b200000, 0x0000000090100000, 0x00000000d9100000)
  object space 80896K, 30% used [0x000000008b200000,0x000000008c9de4e8,0x0000000090100000)
 Metaspace       used 20831K, capacity 21088K, committed 21296K, reserved 1069056K
  class space    used 2445K, capacity 2564K, committed 2688K, reserved 1048576K
}
Event: 6,081 GC heap before
{Heap before GC invocations=4 (full 1):
 PSYoungGen      total 66048K, used 4578K [0x00000000d9100000, 0x00000000e1200000, 0x0000000100000000)
  eden space 61440K, 0% used [0x00000000d9100000,0x00000000d9100000,0x00000000dcd00000)
  from space 4608K, 99% used [0x00000000dcd00000,0x00000000dd178a80,0x00000000dd180000)
  to   space 4608K, 0% used [0x00000000e0d80000,0x00000000e0d80000,0x00000000e1200000)
 ParOldGen       total 80896K, used 24441K [0x000000008b200000, 0x0000000090100000, 0x00000000d9100000)
  object space 80896K, 30% used [0x000000008b200000,0x000000008c9de4e8,0x0000000090100000)
 Metaspace       used 20831K, capacity 21088K, committed 21296K, reserved 1069056K
  class space    used 2445K, capacity 2564K, committed 2688K, reserved 1048576K
Event: 6,186 GC heap after
Heap after GC invocations=4 (full 1):
 PSYoungGen      total 66048K, used 0K [0x00000000d9100000, 0x00000000e1200000, 0x0000000100000000)
  eden space 61440K, 0% used [0x00000000d9100000,0x00000000d9100000,0x00000000dcd00000)
  from space 4608K, 0% used [0x00000000dcd00000,0x00000000dcd00000,0x00000000dd180000)
  to   space 4608K, 0% used [0x00000000e0d80000,0x00000000e0d80000,0x00000000e1200000)
 ParOldGen       total 72192K, used 16964K [0x000000008b200000, 0x000000008f880000, 0x00000000d9100000)
  object space 72192K, 23% used [0x000000008b200000,0x000000008c291148,0x000000008f880000)
 Metaspace       used 20831K, capacity 21088K, committed 21296K, reserved 1069056K
  class space    used 2445K, capacity 2564K, committed 2688K, reserved 1048576K
}
Event: 8,996 GC heap before
{Heap before GC invocations=5 (full 1):
 PSYoungGen      total 66048K, used 61440K [0x00000000d9100000, 0x00000000e1200000, 0x0000000100000000)
  eden space 61440K, 100% used [0x00000000d9100000,0x00000000dcd00000,0x00000000dcd00000)
  from space 4608K, 0% used [0x00000000dcd00000,0x00000000dcd00000,0x00000000dd180000)
  to   space 4608K, 0% used [0x00000000e0d80000,0x00000000e0d80000,0x00000000e1200000)
 ParOldGen       total 72192K, used 16964K [0x000000008b200000, 0x000000008f880000, 0x00000000d9100000)
  object space 72192K, 23% used [0x000000008b200000,0x000000008c291148,0x000000008f880000)
 Metaspace       used 27974K, capacity 28378K, committed 28544K, reserved 1075200K
  class space    used 3487K, capacity 3637K, committed 3712K, reserved 1048576K
Event: 9,025 GC heap after
Heap after GC invocations=5 (full 1):
 PSYoungGen      total 103936K, used 4604K [0x00000000d9100000, 0x00000000e1200000, 0x0000000100000000)
  eden space 99328K, 0% used [0x00000000d9100000,0x00000000d9100000,0x00000000df200000)
  from space 4608K, 99% used [0x00000000e0d80000,0x00000000e11ff3a0,0x00000000e1200000)
  to   space 4608K, 0% used [0x00000000e0900000,0x00000000e0900000,0x00000000e0d80000)
 ParOldGen       total 72192K, used 18698K [0x000000008b200000, 0x000000008f880000, 0x00000000d9100000)
  object space 72192K, 25% used [0x000000008b200000,0x000000008c4429e8,0x000000008f880000)
 Metaspace       used 27974K, capacity 28378K, committed 28544K, reserved 1075200K
  class space    used 3487K, capacity 3637K, committed 3712K, reserved 1048576K
}

